
=== Sat Feb  8 02:51:30 2025

Packages were changed.
Update Mode: updateDependencies

The following packages were added:
  com.unity.modules.accessibility@1.0.0
  com.unity.multiplayer.center@1.0.0
The following packages were updated:
  com.unity.ai.navigation from version 1.1.5 to 2.0.5
  com.unity.collab-proxy from version 2.2.0 to 2.6.0
  com.unity.feature.development from version 1.0.1 to 1.0.2
  com.unity.ide.rider from version 3.0.27 to 3.0.31
  com.unity.inputsystem from version 1.7.0 to 1.12.0
  com.unity.postprocessing from version 3.2.2 to 3.4.0
  com.unity.probuilder from version 5.2.2 to 6.0.4
  com.unity.purchasing from version 4.9.3 to 4.12.2
  com.unity.test-framework from version 1.1.33 to 1.4.5
  com.unity.timeline from version 1.7.6 to 1.8.7
  com.unity.ugui from version 1.0.0 to 2.0.0
  com.unity.visualscripting from version 1.9.1 to 1.9.5
  com.unity.xr.legacyinputhelpers from version 2.1.10 to 2.1.11
The following packages were removed:
  com.unity.textmeshpro@3.0.7
